  AR - 복사본.cpp
c:\opencv\build\include\opencv2\core\mat.hpp(1965): warning C4819: 현재 코드 페이지(949)에서 표시할 수 없는 문자가 파일에 들어 있습니다. 데이터가 손실되지 않게 하려면 해당 파일을 유니코드 형식으로 저장하십시오.
c:\opencv\build\include\opencv2\core\persistence.hpp : warning C4819: 현재 코드 페이지(949)에서 표시할 수 없는 문자가 파일에 들어 있습니다. 데이터가 손실되지 않게 하려면 해당 파일을 유니코드 형식으로 저장하십시오.
c:\opencv\build\include\opencv2\core\utility.hpp : warning C4819: 현재 코드 페이지(949)에서 표시할 수 없는 문자가 파일에 들어 있습니다. 데이터가 손실되지 않게 하려면 해당 파일을 유니코드 형식으로 저장하십시오.
c:\opencv\build\include\opencv2\core\utility.hpp : warning C4819: 현재 코드 페이지(949)에서 표시할 수 없는 문자가 파일에 들어 있습니다. 데이터가 손실되지 않게 하려면 해당 파일을 유니코드 형식으로 저장하십시오.
c:\users\administrator\documents\visual studio 2015\projects\opencv_4\opencv_4\ar - 복사본.cpp(66): warning C4305: '초기화 중': 'double'에서 'float'(으)로 잘립니다.
c:\users\administrator\documents\visual studio 2015\projects\opencv_4\opencv_4\ar - 복사본.cpp(205): warning C4244: '초기화 중': 'std::streamoff'에서 'long'(으)로 변환하면서 데이터가 손실될 수 있습니다.
c:\users\administrator\documents\visual studio 2015\projects\opencv_4\opencv_4\ar - 복사본.cpp(577): warning C4267: '=': 'size_t'에서 'int'(으)로 변환하면서 데이터가 손실될 수 있습니다.
c:\users\administrator\documents\visual studio 2015\projects\opencv_4\opencv_4\ar - 복사본.cpp(590): warning C4267: '=': 'size_t'에서 'int'(으)로 변환하면서 데이터가 손실될 수 있습니다.
c:\users\administrator\documents\visual studio 2015\projects\opencv_4\opencv_4\ar - 복사본.cpp(604): warning C4267: '=': 'size_t'에서 'int'(으)로 변환하면서 데이터가 손실될 수 있습니다.
c:\users\administrator\documents\visual studio 2015\projects\opencv_4\opencv_4\ar - 복사본.cpp(611): warning C4244: '초기화 중': 'float'에서 'int'(으)로 변환하면서 데이터가 손실될 수 있습니다.
c:\users\administrator\documents\visual studio 2015\projects\opencv_4\opencv_4\ar - 복사본.cpp(612): warning C4244: '초기화 중': 'float'에서 'int'(으)로 변환하면서 데이터가 손실될 수 있습니다.
c:\users\administrator\documents\visual studio 2015\projects\opencv_4\opencv_4\ar - 복사본.cpp(613): warning C4244: '초기화 중': 'float'에서 'int'(으)로 변환하면서 데이터가 손실될 수 있습니다.
c:\users\administrator\documents\visual studio 2015\projects\opencv_4\opencv_4\ar - 복사본.cpp(625): warning C4267: '초기화 중': 'size_t'에서 'int'(으)로 변환하면서 데이터가 손실될 수 있습니다.
c:\users\administrator\documents\visual studio 2015\projects\opencv_4\opencv_4\ar - 복사본.cpp(642): warning C4244: '=': 'float'에서 'int'(으)로 변환하면서 데이터가 손실될 수 있습니다.
c:\users\administrator\documents\visual studio 2015\projects\opencv_4\opencv_4\ar - 복사본.cpp(746): warning C4244: '인수': 'double'에서 'int'(으)로 변환하면서 데이터가 손실될 수 있습니다.
c:\users\administrator\documents\visual studio 2015\projects\opencv_4\opencv_4\ar - 복사본.cpp(747): warning C4244: '인수': 'double'에서 'int'(으)로 변환하면서 데이터가 손실될 수 있습니다.
c:\users\administrator\documents\visual studio 2015\projects\opencv_4\opencv_4\ar - 복사본.cpp(762): warning C4267: '인수': 'size_t'에서 'int'(으)로 변환하면서 데이터가 손실될 수 있습니다.
c:\users\administrator\documents\visual studio 2015\projects\opencv_4\opencv_4\ar - 복사본.cpp(1121): warning C4244: '=': 'const precision'에서 'GLfloat'(으)로 변환하면서 데이터가 손실될 수 있습니다.
  AR - 복사본 - 복사본.cpp
  코드를 생성하고 있습니다...
c:\users\administrator\documents\visual studio 2015\projects\opencv_4\opencv_4\ar - 복사본.cpp(185): warning C4172: 지역 변수 또는 임시: norm의 주소를 반환하고 있습니다.
  opencv_4.vcxproj -> C:\Users\Administrator\documents\visual studio 2015\Projects\opencv_4\x64\Debug\opencv_4.exe
  opencv_4.vcxproj -> C:\Users\Administrator\documents\visual studio 2015\Projects\opencv_4\x64\Debug\opencv_4.pdb (Full PDB)
